[2026-05-24 11:41:51] INFO [api] New user registered: Sarath
[2026-05-24 11:42:10] INFO [api] User logged in: Sarath
[2026-05-24 11:42:14] ERROR [api] KPI error: No cleaned data files found. Run ETL first.
[2026-05-24 11:42:49] ERROR [api] KPI error: No cleaned data files found. Run ETL first.
[2026-05-24 11:43:35] INFO [api] User logged in: Sarath
[2026-05-24 11:44:41] INFO [api] User logged in: Sarath
[2026-05-24 11:48:18] INFO [api] User logged in: Sarath
[2026-05-24 11:50:05] INFO [api] New user registered: Surya
[2026-05-24 11:50:17] INFO [api] User logged in: Surya
[2026-05-24 11:52:38] INFO [api] User logged in: Sarath
[2026-05-24 11:53:26] ERROR [api] PDF report error: No cleaned data files found. Run ETL first.
[2026-05-24 11:53:48] INFO [api] Prediction by Sarath: 0 (0.7991)
[2026-05-24 11:54:43] INFO [api] Prediction by Sarath: 0 (0.7991)
[2026-05-24 11:55:14] ERROR [api] PDF report error: No cleaned data files found. Run ETL first.
[2026-05-24 11:55:58] INFO [api] CSV uploaded by Sarath: churn_dataset.csv
[2026-05-24 11:57:15] INFO [api] User logged in: Sarath
[2026-05-24 11:57:34] INFO [api] CSV uploaded by Sarath: churn_dataset.csv
[2026-05-24 12:03:40] INFO [api] CSV uploaded by Sarath: churn_dataset.csv
[2026-05-24 12:04:17] INFO [api] Prediction by Sarath: 0 (0.7991)
[2026-05-24 12:09:42] INFO [api] CSV uploaded by Sarath: churn_dataset.csv
[2026-05-24 12:10:16] INFO [api] Prediction by Sarath: 0 (0.7991)
[2026-05-24 12:11:36] INFO [api] User logged in: Sarath
