[2026-05-24 11:00:56] INFO [smartdata] Starting SmartData AI Platform v1.0.0
[2026-05-24 11:01:00] WARNING [smartdata] MySQL init error: (pymysql.err.OperationalError) (2003, "Can't connect to MySQL server on 'localhost' ([WinError 10061] No connection could be made because the target machine actively refused it)")
(Background on this error at: https://sqlalche.me/e/20/e3q8)
[2026-05-24 11:01:00] INFO [smartdata] MySQL tables initialized
[2026-05-24 11:03:37] INFO [smartdata] Starting SmartData AI Platform v1.0.0
[2026-05-24 11:03:41] WARNING [smartdata] MySQL init error: (pymysql.err.OperationalError) (2003, "Can't connect to MySQL server on 'localhost' ([WinError 10061] No connection could be made because the target machine actively refused it)")
(Background on this error at: https://sqlalche.me/e/20/e3q8)
[2026-05-24 11:03:41] INFO [smartdata] MySQL tables initialized
[2026-05-24 11:30:08] INFO [smartdata] Starting SmartData AI Platform v1.0.0
[2026-05-24 11:30:12] WARNING [smartdata] MySQL init error: (pymysql.err.OperationalError) (2003, "Can't connect to MySQL server on 'localhost' ([WinError 10061] No connection could be made because the target machine actively refused it)")
(Background on this error at: https://sqlalche.me/e/20/e3q8)
[2026-05-24 11:30:12] INFO [smartdata] MySQL tables initialized
[2026-05-24 11:40:21] INFO [smartdata] Starting SmartData AI Platform v1.0.0
[2026-05-24 11:40:22] INFO [smartdata] MySQL tables created/verified.
[2026-05-24 11:40:22] INFO [smartdata] MySQL tables initialized
[2026-05-24 11:41:24] INFO [smartdata] Starting SmartData AI Platform v1.0.0
[2026-05-24 11:41:24] INFO [smartdata] MySQL tables created/verified.
[2026-05-24 11:41:24] INFO [smartdata] MySQL tables initialized
[2026-05-24 11:43:11] INFO [smartdata] Starting SmartData AI Platform v1.0.0
[2026-05-24 11:43:11] INFO [smartdata] MySQL tables created/verified.
[2026-05-24 11:43:11] INFO [smartdata] MySQL tables initialized
[2026-05-24 11:55:58] INFO [smartdata] File saved: uploads\churn_dataset.csv (0.15 MB)
